\BOOKMARK [1][]{section.1}{\376\377\116\000\060\001\000\040\225\356\230\230\221\315\217\360}{}% 1
\BOOKMARK [2][]{subsection.1.1}{\376\377\0001\000.\0001\000\040\225\356\230\230\200\314\146\157}{section.1}% 2
\BOOKMARK [2][]{subsection.1.2}{\376\377\0001\000.\0002\000\040\225\356\230\230\143\320\121\372}{section.1}% 3
\BOOKMARK [1][]{section.2}{\376\377\116\214\060\001\000\040\225\356\230\230\122\006\147\220}{}% 4
\BOOKMARK [2][]{subsection.2.1}{\376\377\0002\000.\0001\000\040\140\073\117\123\122\006\147\220}{section.2}% 5
\BOOKMARK [1][]{section.3}{\376\377\116\011\060\001\000\040\152\041\127\213\120\107\213\276}{}% 6
\BOOKMARK [1][]{section.4}{\376\377\126\333\060\001\000\040\173\046\123\367\213\364\146\016}{}% 7
\BOOKMARK [1][]{section.5}{\376\377\116\224\060\001\000\040\152\041\127\213\136\372\172\313\116\016\154\102\211\343}{}% 8
\BOOKMARK [2][]{subsection.5.1}{\376\377\0005\000.\0001\000\040\225\356\230\230\116\000}{section.5}% 9
\BOOKMARK [3][]{subsubsection.5.1.1}{\376\377\0005\000.\0001\000.\0001\000\040\166\356\150\007\116\000}{subsection.5.1}% 10
\BOOKMARK [3][]{subsubsection.5.1.2}{\376\377\0005\000.\0001\000.\0002\000\040\166\356\150\007\116\214}{subsection.5.1}% 11
\BOOKMARK [2][]{subsection.5.2}{\376\377\0005\000.\0002\000\040\225\356\230\230\116\214}{section.5}% 12
\BOOKMARK [3][]{subsubsection.5.2.1}{\376\377\0005\000.\0002\000.\0001\000\040\166\356\150\007\116\000}{subsection.5.2}% 13
\BOOKMARK [3][]{subsubsection.5.2.2}{\376\377\0005\000.\0002\000.\0002\000\040\166\356\150\007\116\214}{subsection.5.2}% 14
\BOOKMARK [2][]{subsection.5.3}{\376\377\0005\000.\0003\000\040\225\356\230\230\116\011}{section.5}% 15
\BOOKMARK [3][]{subsubsection.5.3.1}{\376\377\0005\000.\0003\000.\0001\000\040\166\356\150\007\116\000}{subsection.5.3}% 16
\BOOKMARK [3][]{subsubsection.5.3.2}{\376\377\0005\000.\0003\000.\0002\000\040\166\356\150\007\116\214}{subsection.5.3}% 17
\BOOKMARK [1][]{section.6}{\376\377\121\155\060\001\000\040\152\041\127\213\122\006\147\220}{}% 18
\BOOKMARK [1][]{section.7}{\376\377\116\003\060\001\000\040\152\041\127\213\213\304\116\367\116\016\145\071\217\333}{}% 19
\BOOKMARK [2][]{subsection.7.1}{\376\377\0007\000.\0001\000\040\117\030\160\271}{section.7}% 20
\BOOKMARK [2][]{subsection.7.2}{\376\377\0007\000.\0002\000\040\116\015\215\263}{section.7}% 21
\BOOKMARK [2][]{subsection.7.3}{\376\377\0007\000.\0003\000\040\140\073\176\323}{section.7}% 22
\BOOKMARK [1][]{section*.18}{\376\377\123\302\200\003\145\207\163\056}{}% 23
\BOOKMARK [1][]{appendix.a.A}{\376\377\226\104\137\125\000\040\000A\000\040\225\356\230\230\116\000\166\356\150\007\116\000\116\343\170\001}{}% 24
\BOOKMARK [1][]{appendix.a.B}{\376\377\226\104\137\125\000\040\000B\000\040\225\356\230\230\116\000\166\356\150\007\116\214\116\343\170\001}{}% 25
\BOOKMARK [1][]{appendix.a.C}{\376\377\226\104\137\125\000\040\000C\000\040\225\356\230\230\116\011\166\356\150\007\116\000\116\343\170\001}{}% 26
\BOOKMARK [1][]{appendix.a.D}{\376\377\226\104\137\125\000\040\000D\000\040\225\356\230\230\116\011\166\356\150\007\116\214\116\343\170\001}{}% 27
